<?xml version="1.0" encoding="UTF-8"?>
<testsuite xmlns:xsi="http://www.w3.org/2001/XMLSchema-instance" xsi:noNamespaceSchemaLocation="https://maven.apache.org/surefire/maven-surefire-plugin/xsd/surefire-test-report-3.0.xsd" version="3.0" name="com.vityarthi.library.LibraryServiceTest" time="0.361" tests="9" errors="0" skipped="0" failures="0">
  <properties>
[...]
</properties>
  <testcase name="testAddReviewSuccess" classname="com.vityarthi.library.LibraryServiceTest" time="0.177">
    <system-out><![CDATA[[2026-09-18 23:30:14] [main] [INFO] Database schema verified and initialized.
[2026-09-18 23:30:14] [main] [INFO] Film added successfully: [1] Oppenheimer
[2026-09-18 23:30:14] [main] [INFO] Review saved for film ID 1 with rating 4.8
]]></system-out>
  </testcase>
  <testcase name="testAddReviewNonExistentFilm" classname="com.vityarthi.library.LibraryServiceTest" time="0.014">
    <system-out><![CDATA[[2026-09-18 23:30:14] [main] [INFO] Database schema verified and initialized.
]]></system-out>
  </testcase>
  <testcase name="testAddFilmWithBlankTitle" classname="com.vityarthi.library.LibraryServiceTest" time="0.01">
    <system-out><![CDATA[[2026-09-18 23:30:14] [main] [INFO] Database schema verified and initialized.
]]></system-out>
  </testcase>
  <testcase name="testAddReviewInvalidRating" classname="com.vityarthi.library.LibraryServiceTest" time="0.019">
    <system-out><![CDATA[[2026-09-18 23:30:14] [main] [INFO] Database schema verified and initialized.
[2026-09-18 23:30:14] [main] [INFO] Film added successfully: [1] Memento
]]></system-out>
  </testcase>
  <testcase name="testAddFilmWithInvalidYear" classname="com.vityarthi.library.LibraryServiceTest" time="0.01">
    <system-out><![CDATA[[2026-09-18 23:30:14] [main] [INFO] Database schema verified and initialized.
]]></system-out>
  </testcase>
  <testcase name="testAddFilmSuccess" classname="com.vityarthi.library.LibraryServiceTest" time="0.019">
    <system-out><![CDATA[[2026-09-18 23:30:14] [main] [INFO] Database schema verified and initialized.
[2026-09-18 23:30:14] [main] [INFO] Film added successfully: [1] Inception
]]></system-out>
  </testcase>
  <testcase name="testGetFilmByIdNotFound" classname="com.vityarthi.library.LibraryServiceTest" time="0.014">
    <system-out><![CDATA[[2026-09-18 23:30:14] [main] [INFO] Database schema verified and initialized.
]]></system-out>
  </testcase>
  <testcase name="testCalculateAverageRating" classname="com.vityarthi.library.LibraryServiceTest" time="0.034">
    <system-out><![CDATA[[2026-09-18 23:30:14] [main] [INFO] Database schema verified and initialized.
[2026-09-18 23:30:14] [main] [INFO] Film added successfully: [1] The Matrix
[2026-09-18 23:30:14] [main] [INFO] Review saved for film ID 1 with rating 4.0
[2026-09-18 23:30:14] [main] [INFO] Review saved for film ID 1 with rating 5.0
]]></system-out>
  </testcase>
  <testcase name="testFilterByGenre" classname="com.vityarthi.library.LibraryServiceTest" time="0.037">
    <system-out><![CDATA[[2026-09-18 23:30:14] [main] [INFO] Database schema verified and initialized.
[2026-09-18 23:30:14] [main] [INFO] Film added successfully: [1] Dune
[2026-09-18 23:30:14] [main] [INFO] Film added successfully: [2] Interstellar
[2026-09-18 23:30:14] [main] [INFO] Film added successfully: [3] The Godfather
]]></system-out>
  </testcase>
</testsuite>